
Showing logs for build [32mcb-kubecd-environment-pr-175-6-9ss5n-1[0m stage [32mfrom-build-pack[0m and container [32mstep-credential-initializer-6jgn6[0m
{"level":"warn","ts":1583471992.5378156,"logger":"fallback-logger","caller":"logging/config.go:69","msg":"Fetch GitHub commit ID from kodata failed: \"ref: refs/heads/0.8.0-**-support-backwards-incompats\" is not a valid GitHub commit ID"}
{"level":"info","ts":1583471992.5424829,"logger":"fallback-logger","caller":"creds-init/main.go:40","msg":"Credentials initialized."}

Showing logs for build [32mcb-kubecd-environment-pr-175-6-9ss5n-1[0m stage [32mfrom-build-pack[0m and container [32mstep-working-dir-initializer-hp2kn[0m
{"level":"warn","ts":1583471993.9770293,"logger":"fallback-logger","caller":"logging/config.go:69","msg":"Fetch GitHub commit ID from kodata failed: open /var/run/ko/HEAD: no such file or directory"}
{"level":"info","ts":1583471993.978959,"logger":"fallback-logger","caller":"bash/main.go:64","msg":"Successfully executed command \"sh -c mkdir -p /workspace/source\"; output "}

Showing logs for build [32mcb-kubecd-environment-pr-175-6-9ss5n-1[0m stage [32mfrom-build-pack[0m and container [32mstep-place-tools[0m

Showing logs for build [32mcb-kubecd-environment-pr-175-6-9ss5n-1[0m stage [32mfrom-build-pack[0m and container [32mstep-git-source-cb-kubecd-environment-pr-175-6-9ss5n-rsjcz[0m
{"level":"warn","ts":1583471998.0569391,"logger":"fallback-logger","caller":"logging/config.go:69","msg":"Fetch GitHub commit ID from kodata failed: \"ref: refs/heads/0.8.0-**-support-backwards-incompats\" is not a valid GitHub commit ID"}
{"level":"info","ts":1583471999.0974474,"logger":"fallback-logger","caller":"git/git.go:103","msg":"Successfully cloned https://github.com/cb-kubecd/environment-pr-175-6-boot-vault-gke-staging.git @ master in path /workspace/source"}

Showing logs for build [32mcb-kubecd-environment-pr-175-6-9ss5n-1[0m stage [32mfrom-build-pack[0m and container [32mstep-git-merge[0m
Using SHAs from PULL_REFS=master:7d9260d3a6fb9368527aa606719391ab45d33d73,2:337921e81c85244c061c75e3dde0d67da523ebe3
DEBUG: LC_ALL=C JX_LOG_LEVEL=error git fetch origin --unshallow 337921e81c85244c061c75e3dde0d67da523ebe3: 7d9260d3a6fb9368527aa606719391ab45d33d73:
DEBUG: ran git fetch --unshallow origin 337921e81c85244c061c75e3dde0d67da523ebe3: 7d9260d3a6fb9368527aa606719391ab45d33d73: in 
DEBUG: LC_ALL=C JX_LOG_LEVEL=error git branch
DEBUG: LC_ALL=C JX_LOG_LEVEL=error git checkout master
DEBUG: ran git checkout master in 
DEBUG: LC_ALL=C JX_LOG_LEVEL=error git reset --hard 7d9260d3a6fb9368527aa606719391ab45d33d73
DEBUG: ran git reset --hard 7d9260d3a6fb9368527aa606719391ab45d33d73 in 
DEBUG: LC_ALL=C JX_LOG_LEVEL=error git clean -fd .
DEBUG: ran clean --force -d . in 
DEBUG: LC_ALL=C JX_LOG_LEVEL=error git merge 337921e81c85244c061c75e3dde0d67da523ebe3
DEBUG: ran git merge 337921e81c85244c061c75e3dde0d67da523ebe3 in 
DEBUG: JX_LOG_LEVEL=error LC_ALL=C git log --format=%H%x1f%an%x1f%ae%x1f%cn%x1f%ce%x1f%s%n%b%x1e 7d9260d3a6fb9368527aa606719391ab45d33d73..HEAD
Merged SHA 337921e81c85244c061c75e3dde0d67da523ebe3 with commit message 'chore: Promote bdd-sbhg-1583471406 to version 0.0.1' into base branch master

Showing logs for build [32mcb-kubecd-environment-pr-175-6-9ss5n-1[0m stage [32mfrom-build-pack[0m and container [32mstep-build-helm-build[0m
WARNING: No $CHART_REPOSITORY defined so using the default value of: http://jenkins-x-chartmuseum:8080
Adding missing Helm repo: storage.googleapis.com https://storage.googleapis.com/chartmuseum.jenkins-x.io
WARNING: No secrets found on "helm/repos" due: reading the secret "helm/repos" from vault: no secret "helm/repos" not found in vault
Read credentials for https://storage.googleapis.com/chartmuseum.jenkins-x.io from vault helm/repos
Successfully added Helm repository storage.googleapis.com.
Adding missing Helm repo: jenkins-x-chartmuseum http://jenkins-x-chartmuseum:8080
WARNING: No secrets found on "helm/repos" due: reading the secret "helm/repos" from vault: no secret "helm/repos" not found in vault
Read credentials for http://jenkins-x-chartmuseum:8080 from vault helm/repos
Successfully added Helm repository jenkins-x-chartmuseum.
WARNING: No $CHART_REPOSITORY defined so using the default value of: http://jenkins-x-chartmuseum:8080
Adding missing Helm repo: chartmuseum.jenkins-x.io http://chartmuseum.jenkins-x.io
WARNING: No secrets found on "helm/repos" due: reading the secret "helm/repos" from vault: no secret "helm/repos" not found in vault
Read credentials for http://chartmuseum.jenkins-x.io from vault helm/repos
Successfully added Helm repository chartmuseum.jenkins-x.io.
